<?xml version="1.0" encoding="UTF-8"?>
<!-- Generated by org.testng.reporters.JUnitXMLReporter -->
<testsuite hostname="OJT0156998" name="saTest" tests="8" failures="0" timestamp="25 Aug 2016 11:22:53 GMT" time="79.513" errors="0">
  <testcase name="scatgry" time="8.006" classname="com.StockAccounting.Master.execatry"/>
  <testcase name="scatgry" time="7.433" classname="com.StockAccounting.Master.execatry"/>
  <testcase name="scatgry" time="7.184" classname="com.StockAccounting.Master.execatry"/>
  <testcase name="uom" time="7.901" classname="com.StockAccounting.Master.exeng"/>
  <testcase name="uom" time="11.999" classname="com.StockAccounting.Master.exeng"/>
  <testcase name="uom" time="7.904" classname="com.StockAccounting.Master.exeng"/>
  <testcase name="supplier" time="11.422" classname="com.StockAccounting.Master.Supplierng"/>
  <testcase name="supplier" time="11.629" classname="com.StockAccounting.Master.Supplierng"/>
</testsuite> <!-- saTest -->
