<?xml version="1.0" encoding="UTF-8"?>
<!-- Generated by org.testng.reporters.JUnitXMLReporter -->
<testsuite hostname="OJT0156998" name="stk" tests="8" failures="0" timestamp="25 Aug 2016 11:10:55 GMT" time="103.141" errors="0">
  <testcase name="scatgry" time="12.662" classname="com.StockAccounting.Master.execatry"/>
  <testcase name="scatgry" time="10.335" classname="com.StockAccounting.Master.execatry"/>
  <testcase name="scatgry" time="11.237" classname="com.StockAccounting.Master.execatry"/>
  <testcase name="uom" time="7.529" classname="com.StockAccounting.Master.exeng"/>
  <testcase name="uom" time="8.19" classname="com.StockAccounting.Master.exeng"/>
  <testcase name="uom" time="8.375" classname="com.StockAccounting.Master.exeng"/>
  <testcase name="supplier" time="19.463" classname="com.StockAccounting.Master.Supplierng"/>
  <testcase name="supplier" time="19.476" classname="com.StockAccounting.Master.Supplierng"/>
</testsuite> <!-- stk -->
