<?xml version="1.0" encoding="UTF-8"?>
<!-- Generated by org.testng.reporters.JUnitXMLReporter -->
<testsuite hostname="OJT0156998" name="Test2" tests="1" failures="1" timestamp="2 Sep 2016 11:02:31 GMT" time="0.016" errors="0">
  <testcase name="exe" time="0.008" classname="com.StockAccounting.Master.grid">
    <failure type="java.lang.NullPointerException" message="null value in entry: desiredCapabilities=null">
      <![CDATA[java.lang.NullPointerException: null value in entry: desiredCapabilities=null
	at com.google.common.collect.CollectPreconditions.checkEntryNotNull(CollectPreconditions.java:33)
	at com.google.common.collect.ImmutableMapEntry.<init>(ImmutableMapEntry.java:50)
	at com.google.common.collect.ImmutableMap.entryOf(ImmutableMap.java:122)
	at com.google.common.collect.ImmutableMap$Builder.put(ImmutableMap.java:197)
	at org.openqa.selenium.remote.RemoteWebDriver.startSession(RemoteWebDriver.java:243)
	at org.openqa.selenium.remote.RemoteWebDriver.<init>(RemoteWebDriver.java:131)
	at org.openqa.selenium.remote.RemoteWebDriver.<init>(RemoteWebDriver.java:158)
	at com.StockAccounting.Master.grid.exe(grid.java:38)
... Removed 24 stack frames]]>
    </failure>
  </testcase> <!-- exe -->
</testsuite> <!-- Test2 -->
